<?xml version="1.0" encoding="UTF-8"?>
<testsuite name="com.ibm.guardium.bigquery.ParserTest" tests="115" skipped="0" failures="0" errors="0" timestamp="2024-09-11T19:05:57" hostname="andychens-mbp.war.can.ibm.com" time="0.517">
  <properties/>
  <testcase name="testParseCreateScemaRecord()" classname="com.ibm.guardium.bigquery.ParserTest" time="0.003"/>
  <testcase name="testParseRecordMetaDataWithStructInsert()" classname="com.ibm.guardium.bigquery.ParserTest" time="0.004"/>
  <testcase name="testParseRecordMetaDataWithNestedInsert()" classname="com.ibm.guardium.bigquery.ParserTest" time="0.004"/>
  <testcase name="testParseRecordMetaDataWithEncoded()" classname="com.ibm.guardium.bigquery.ParserTest" time="0.002"/>
  <testcase name="testParseRecordMetaDataWithUpdate()" classname="com.ibm.guardium.bigquery.ParserTest" time="0.003"/>
  <testcase name="testParseRecordMetaDataWithWindow()" classname="com.ibm.guardium.bigquery.ParserTest" time="0.013"/>
  <testcase name="testParseRecordMetaDataWithStructSelect()" classname="com.ibm.guardium.bigquery.ParserTest" time="0.126"/>
  <testcase name="testParseRecordMetaDataWithStructUpdate()" classname="com.ibm.guardium.bigquery.ParserTest" time="0.004"/>
  <testcase name="testParseRecordMetaDataWithAlter()" classname="com.ibm.guardium.bigquery.ParserTest" time="0.002"/>
  <testcase name="testParseRecordMetaDataIf()" classname="com.ibm.guardium.bigquery.ParserTest" time="0.003"/>
  <testcase name="testSpecialChar()" classname="com.ibm.guardium.bigquery.ParserTest" time="0.025"/>
  <testcase name="testParseRecord()" classname="com.ibm.guardium.bigquery.ParserTest" time="0.002"/>
  <testcase name="testParseRecordException()" classname="com.ibm.guardium.bigquery.ParserTest" time="0.001"/>
  <testcase name="testParse1RecordWithInsertStatement()" classname="com.ibm.guardium.bigquery.ParserTest" time="0.006"/>
  <testcase name="testParse4Record()" classname="com.ibm.guardium.bigquery.ParserTest" time="0.007"/>
  <testcase name="testRevokeQuery()" classname="com.ibm.guardium.bigquery.ParserTest" time="0.0"/>
  <testcase name="testParseRecordUNNEST1()" classname="com.ibm.guardium.bigquery.ParserTest" time="0.005"/>
  <testcase name="testParseRecordMetaDataWithschema()" classname="com.ibm.guardium.bigquery.ParserTest" time="0.002"/>
  <testcase name="testParseRecordMetaDataWithselect()" classname="com.ibm.guardium.bigquery.ParserTest" time="0.002"/>
  <testcase name="testParseAccessor()" classname="com.ibm.guardium.bigquery.ParserTest" time="0.003"/>
  <testcase name="testParseRecordMetaDataWithExceptDistinct()" classname="com.ibm.guardium.bigquery.ParserTest" time="0.006"/>
  <testcase name="testParseRecordDataTest13()" classname="com.ibm.guardium.bigquery.ParserTest" time="0.002"/>
  <testcase name="testParseRecordDataTest14()" classname="com.ibm.guardium.bigquery.ParserTest" time="0.007"/>
  <testcase name="testParseRecordDataTest15()" classname="com.ibm.guardium.bigquery.ParserTest" time="0.002"/>
  <testcase name="testParseRecordDataTest16()" classname="com.ibm.guardium.bigquery.ParserTest" time="0.002"/>
  <testcase name="testParseRecordDataTest19()" classname="com.ibm.guardium.bigquery.ParserTest" time="0.001"/>
  <testcase name="testParseRecordMetaDataWithschemaifNotExists()" classname="com.ibm.guardium.bigquery.ParserTest" time="0.002"/>
  <testcase name="testParseRecordMetaDataWithUpdate2()" classname="com.ibm.guardium.bigquery.ParserTest" time="0.002"/>
  <testcase name="testParseRecordMetaDataWithUpdate3()" classname="com.ibm.guardium.bigquery.ParserTest" time="0.002"/>
  <testcase name="testParseRecordDataTest()" classname="com.ibm.guardium.bigquery.ParserTest" time="0.002"/>
  <testcase name="testParseRecordMetaDataInsertEncoded()" classname="com.ibm.guardium.bigquery.ParserTest" time="0.003"/>
  <testcase name="testParseRecordMetaDataTemporary()" classname="com.ibm.guardium.bigquery.ParserTest" time="0.002"/>
  <testcase name="testParseRecordMetaDataInsert1()" classname="com.ibm.guardium.bigquery.ParserTest" time="0.001"/>
  <testcase name="testParseRecordFullSql()" classname="com.ibm.guardium.bigquery.ParserTest" time="0.001"/>
  <testcase name="testParseRecordWithNewCase1()" classname="com.ibm.guardium.bigquery.ParserTest" time="0.004"/>
  <testcase name="testParseRecordWithNewCases()" classname="com.ibm.guardium.bigquery.ParserTest" time="0.007"/>
  <testcase name="testParseRecordMetaDataWithsnapsnot()" classname="com.ibm.guardium.bigquery.ParserTest" time="0.005"/>
  <testcase name="testParseRecordAccessor()" classname="com.ibm.guardium.bigquery.ParserTest" time="0.002"/>
  <testcase name="testParseRecordMetaDataQueryDrop()" classname="com.ibm.guardium.bigquery.ParserTest" time="0.001"/>
  <testcase name="testParseRecordSessionLocatorwithIPv6()" classname="com.ibm.guardium.bigquery.ParserTest" time="0.002"/>
  <testcase name="testParseRecordMetaDataWithTableDelete()" classname="com.ibm.guardium.bigquery.ParserTest" time="0.001"/>
  <testcase name="testParseRecordSessionLocatorWithIPv4()" classname="com.ibm.guardium.bigquery.ParserTest" time="0.002"/>
  <testcase name="testParseSessionLocator()" classname="com.ibm.guardium.bigquery.ParserTest" time="0.001"/>
  <testcase name="testParseRecordMetaDataDelete()" classname="com.ibm.guardium.bigquery.ParserTest" time="0.001"/>
  <testcase name="testGrantQuery()" classname="com.ibm.guardium.bigquery.ParserTest" time="0.0"/>
  <testcase name="testParseRecordMetaDataWithTableInsert()" classname="com.ibm.guardium.bigquery.ParserTest" time="0.002"/>
  <testcase name="testParseRecordMetaDataWithQualify()" classname="com.ibm.guardium.bigquery.ParserTest" time="0.003"/>
  <testcase name="testParseRecordMetaDataInsert()" classname="com.ibm.guardium.bigquery.ParserTest" time="0.005"/>
  <testcase name="testParseRecordMetaDataWithInsertCurrent()" classname="com.ibm.guardium.bigquery.ParserTest" time="0.014"/>
  <testcase name="testParseRecordMetaDataSingleComment()" classname="com.ibm.guardium.bigquery.ParserTest" time="0.002"/>
  <testcase name="testParseRecordMetaData1()" classname="com.ibm.guardium.bigquery.ParserTest" time="0.002"/>
  <testcase name="testParseRecordMetaData2()" classname="com.ibm.guardium.bigquery.ParserTest" time="0.003"/>
  <testcase name="testParseRecordMetaData3()" classname="com.ibm.guardium.bigquery.ParserTest" time="0.002"/>
  <testcase name="testParseRecordMetaData4()" classname="com.ibm.guardium.bigquery.ParserTest" time="0.001"/>
  <testcase name="testParseRecordMetaData5()" classname="com.ibm.guardium.bigquery.ParserTest" time="0.001"/>
  <testcase name="testParseRecordMetaData6()" classname="com.ibm.guardium.bigquery.ParserTest" time="0.0"/>
  <testcase name="testParseRecordMetaData7()" classname="com.ibm.guardium.bigquery.ParserTest" time="0.001"/>
  <testcase name="testParseRecordMetaDataWithClauses()" classname="com.ibm.guardium.bigquery.ParserTest" time="0.004"/>
  <testcase name="finalValidation()" classname="com.ibm.guardium.bigquery.ParserTest" time="0.002"/>
  <testcase name="testParseRecordMetaDataWithIntersectDistinct()" classname="com.ibm.guardium.bigquery.ParserTest" time="0.003"/>
  <testcase name="testParseRecordMetaDataRevoke()" classname="com.ibm.guardium.bigquery.ParserTest" time="0.002"/>
  <testcase name="testParseRecordMetaDataWithMerge10()" classname="com.ibm.guardium.bigquery.ParserTest" time="0.004"/>
  <testcase name="testParseRecordMetaDataWithMerge11()" classname="com.ibm.guardium.bigquery.ParserTest" time="0.002"/>
  <testcase name="testParseRecordMetaDataGrant()" classname="com.ibm.guardium.bigquery.ParserTest" time="0.001"/>
  <testcase name="testParseRecordMetaDataIndex()" classname="com.ibm.guardium.bigquery.ParserTest" time="0.001"/>
  <testcase name="testParseRecordMetaDataQuery()" classname="com.ibm.guardium.bigquery.ParserTest" time="0.002"/>
  <testcase name="testParseRecordMetaDataUnnest()" classname="com.ibm.guardium.bigquery.ParserTest" time="0.003"/>
  <testcase name="testParseRecordMetaDataUpdate()" classname="com.ibm.guardium.bigquery.ParserTest" time="0.002"/>
  <testcase name="testParseRecordMetaDataWithUpdateStruct1()" classname="com.ibm.guardium.bigquery.ParserTest" time="0.002"/>
  <testcase name="testParseRecordMetaDataWithUpdateStruct2()" classname="com.ibm.guardium.bigquery.ParserTest" time="0.004"/>
  <testcase name="testParseRecordMetaDataWithUpdateStruct3()" classname="com.ibm.guardium.bigquery.ParserTest" time="0.003"/>
  <testcase name="testParseRecordMetaDataWithUpdateStruct()" classname="com.ibm.guardium.bigquery.ParserTest" time="0.003"/>
  <testcase name="testParseRecordMetaDataWithDatasetDeletion()" classname="com.ibm.guardium.bigquery.ParserTest" time="0.003"/>
  <testcase name="testParseServiceData()" classname="com.ibm.guardium.bigquery.ParserTest" time="0.001"/>
  <testcase name="testParseCreateRecord()" classname="com.ibm.guardium.bigquery.ParserTest" time="0.002"/>
  <testcase name="testParseRecordMetaDataSubDelete()" classname="com.ibm.guardium.bigquery.ParserTest" time="0.003"/>
  <testcase name="testParseRecordMetaDataWithCFunction()" classname="com.ibm.guardium.bigquery.ParserTest" time="0.003"/>
  <testcase name="testParseRecordDataTest1()" classname="com.ibm.guardium.bigquery.ParserTest" time="0.002"/>
  <testcase name="testParseRecordMetaDataWithDelete1()" classname="com.ibm.guardium.bigquery.ParserTest" time="0.002"/>
  <testcase name="testParseRecordUNNEST()" classname="com.ibm.guardium.bigquery.ParserTest" time="0.003"/>
  <testcase name="testParse2Record()" classname="com.ibm.guardium.bigquery.ParserTest" time="0.001"/>
  <testcase name="testParseRecordMetaDataWithschemaWith()" classname="com.ibm.guardium.bigquery.ParserTest" time="0.002"/>
  <testcase name="testParseRecordMetaDataWithTruncate()" classname="com.ibm.guardium.bigquery.ParserTest" time="0.002"/>
  <testcase name="teststatementTypeParseRecordMetaData1()" classname="com.ibm.guardium.bigquery.ParserTest" time="0.002"/>
  <testcase name="teststatementTypeParseRecordMetaData2()" classname="com.ibm.guardium.bigquery.ParserTest" time="0.002"/>
  <testcase name="testParseRecordMetaDataWithSubqueryStatement()" classname="com.ibm.guardium.bigquery.ParserTest" time="0.004"/>
  <testcase name="testParseRecordMetaDataWithInsert1()" classname="com.ibm.guardium.bigquery.ParserTest" time="0.002"/>
  <testcase name="testParseRecordMetaData()" classname="com.ibm.guardium.bigquery.ParserTest" time="0.012"/>
  <testcase name="testParseRecordCreateSchema()" classname="com.ibm.guardium.bigquery.ParserTest" time="0.001"/>
  <testcase name="testParseRecordMetaDataUnnest1()" classname="com.ibm.guardium.bigquery.ParserTest" time="0.002"/>
  <testcase name="testParseRecordMetaDataUnnest2()" classname="com.ibm.guardium.bigquery.ParserTest" time="0.002"/>
  <testcase name="testParseRecordMetaDataWithDrop()" classname="com.ibm.guardium.bigquery.ParserTest" time="0.001"/>
  <testcase name="testParseRecordMetaDataWithJoin()" classname="com.ibm.guardium.bigquery.ParserTest" time="0.005"/>
  <testcase name="testParseRecordMetaDataWithView()" classname="com.ibm.guardium.bigquery.ParserTest" time="0.002"/>
  <testcase name="testParseRecordMetaDataWithCreateIfNotExists()" classname="com.ibm.guardium.bigquery.ParserTest" time="0.002"/>
  <testcase name="testParseRecordMetaDataWithDatasetCreation()" classname="com.ibm.guardium.bigquery.ParserTest" time="0.002"/>
  <testcase name="testParseRecordMetaDataWithCreate()" classname="com.ibm.guardium.bigquery.ParserTest" time="0.004"/>
  <testcase name="testParseRecordMetaDataWithDelete()" classname="com.ibm.guardium.bigquery.ParserTest" time="0.001"/>
  <testcase name="testParseSQL()" classname="com.ibm.guardium.bigquery.ParserTest" time="0.002"/>
  <testcase name="testParseRecordWithNewCase()" classname="com.ibm.guardium.bigquery.ParserTest" time="0.005"/>
  <testcase name="testParse1Event()" classname="com.ibm.guardium.bigquery.ParserTest" time="0.005"/>
  <testcase name="testParse2Event()" classname="com.ibm.guardium.bigquery.ParserTest" time="0.003"/>
  <testcase name="testParseRecordMetaDataWithInsert()" classname="com.ibm.guardium.bigquery.ParserTest" time="0.003"/>
  <testcase name="testParseRecordMetaDataWithStructCreate()" classname="com.ibm.guardium.bigquery.ParserTest" time="0.003"/>
  <testcase name="testParseRecordMetaDataWithInsertInt()" classname="com.ibm.guardium.bigquery.ParserTest" time="0.001"/>
  <testcase name="testParseRecordMetaDataWithMerge1()" classname="com.ibm.guardium.bigquery.ParserTest" time="0.002"/>
  <testcase name="testParseRecordMetaDataWithMerge2()" classname="com.ibm.guardium.bigquery.ParserTest" time="0.002"/>
  <testcase name="testParseRecordMetaDataWithMerge3()" classname="com.ibm.guardium.bigquery.ParserTest" time="0.002"/>
  <testcase name="testParseRecordMetaDataWithMerge4()" classname="com.ibm.guardium.bigquery.ParserTest" time="0.002"/>
  <testcase name="testParseRecordMetaDataWithMerge5()" classname="com.ibm.guardium.bigquery.ParserTest" time="0.002"/>
  <testcase name="testParseRecordMetaDataWithMerge6()" classname="com.ibm.guardium.bigquery.ParserTest" time="0.001"/>
  <testcase name="testParseRecordMetaDataWithMerge7()" classname="com.ibm.guardium.bigquery.ParserTest" time="0.002"/>
  <testcase name="testParseRecordMetaDataWithMerge8()" classname="com.ibm.guardium.bigquery.ParserTest" time="0.001"/>
  <testcase name="testParseRecordMetaDataWithMerge9()" classname="com.ibm.guardium.bigquery.ParserTest" time="0.001"/>
  <testcase name="testParseRecordMetaDataWithNested()" classname="com.ibm.guardium.bigquery.ParserTest" time="0.002"/>
  <system-out><![CDATA[]]></system-out>
  <system-err><![CDATA[]]></system-err>
</testsuite>
