<?xml version="1.0" encoding="UTF-8"?>
<testsuite name="com.ibm.guardium.auroramysql.AuroraMysqlGuardiumPluginFilterTest" tests="1" skipped="0" failures="0" errors="0" timestamp="2024-07-29T19:59:28" hostname="andychens-mbp.war.can.ibm.com" time="4.543">
  <properties/>
  <testcase name="testFieldGuardRecord_aurora_mysql" classname="com.ibm.guardium.auroramysql.AuroraMysqlGuardiumPluginFilterTest" time="4.543"/>
  <system-out><![CDATA[]]></system-out>
  <system-err><![CDATA[]]></system-err>
</testsuite>
