<?xml version="1.0" encoding="UTF-8"?>
<testsuite name="com.ibm.guardium.auroramysql.ParserTest" tests="5" skipped="0" failures="0" errors="0" timestamp="2024-07-29T19:59:33" hostname="andychens-mbp.war.can.ibm.com" time="0.002">
  <properties/>
  <testcase name="testParseAccessor" classname="com.ibm.guardium.auroramysql.ParserTest" time="0.001"/>
  <testcase name="testGetTime" classname="com.ibm.guardium.auroramysql.ParserTest" time="0.0"/>
  <testcase name="testParseTimestamp" classname="com.ibm.guardium.auroramysql.ParserTest" time="0.0"/>
  <testcase name="testParseRecord_CreateTable" classname="com.ibm.guardium.auroramysql.ParserTest" time="0.0"/>
  <testcase name="testParseRecord_Error" classname="com.ibm.guardium.auroramysql.ParserTest" time="0.001"/>
  <system-out><![CDATA[]]></system-out>
  <system-err><![CDATA[]]></system-err>
</testsuite>
