<?xml version="1.0" encoding="UTF-8"?>
<testsuite name="com.ibm.guardium.azurepostgresql.ParserTest" tests="10" skipped="0" failures="0" errors="0" timestamp="2024-07-29T20:06:30" hostname="andychens-mbp.war.can.ibm.com" time="0.006">
  <properties/>
  <testcase name="testAuth" classname="com.ibm.guardium.azurepostgresql.ParserTest" time="0.001"/>
  <testcase name="deleteQuery" classname="com.ibm.guardium.azurepostgresql.ParserTest" time="0.001"/>
  <testcase name="testParseAccessor" classname="com.ibm.guardium.azurepostgresql.ParserTest" time="0.0"/>
  <testcase name="updateQuery" classname="com.ibm.guardium.azurepostgresql.ParserTest" time="0.001"/>
  <testcase name="createQuery" classname="com.ibm.guardium.azurepostgresql.ParserTest" time="0.0"/>
  <testcase name="insertQuery" classname="com.ibm.guardium.azurepostgresql.ParserTest" time="0.001"/>
  <testcase name="testParseSessionLocator" classname="com.ibm.guardium.azurepostgresql.ParserTest" time="0.0"/>
  <testcase name="selectQuery" classname="com.ibm.guardium.azurepostgresql.ParserTest" time="0.001"/>
  <testcase name="testParseTimestamp" classname="com.ibm.guardium.azurepostgresql.ParserTest" time="0.0"/>
  <testcase name="testErrors" classname="com.ibm.guardium.azurepostgresql.ParserTest" time="0.001"/>
  <system-out><![CDATA[]]></system-out>
  <system-err><![CDATA[]]></system-err>
</testsuite>
